<?xml version="1.0" encoding="UTF-8"?>
<!-- Generated by org.testng.reporters.JUnitReportReporter -->
<testsuite skipped="0" hostname="DESKTOP-FHCBB5R" name="linktesting.LinksTesting1" tests="1" failures="0" timestamp="04 Jul 2019 09:50:48 GMT" time="10.150" errors="0">
  <testcase name="linktesting1" time="10.150" classname="linktesting.LinksTesting1"/>
</testsuite> <!-- linktesting.LinksTesting1 -->
