<?xml version="1.0" encoding="UTF-8"?>
<!-- Generated by org.testng.reporters.JUnitReportReporter -->
<testsuite skipped="0" hostname="DESKTOP-FHCBB5R" name="utilities.ScreenshotOnFailure" tests="1" failures="0" timestamp="08 Jul 2019 09:20:28 GMT" time="17.486" errors="0">
  <testcase name="getScreenshot" time="17.486" classname="utilities.ScreenshotOnFailure"/>
</testsuite> <!-- utilities.ScreenshotOnFailure -->
