<?xml version="1.0" encoding="UTF-8"?>
<!-- Generated by org.testng.reporters.JUnitReportReporter -->
<testsuite skipped="0" hostname="DESKTOP-FHCBB5R" name="dropdowns.DropdownTesting1" tests="2" failures="0" timestamp="02 Jul 2019 15:36:24 GMT" time="59.299" errors="0">
  <testcase name="Dropdown" time="32.056" classname="dropdowns.DropdownTesting1"/>
  <testcase name="Dropdown2" time="27.243" classname="dropdowns.DropdownTesting1"/>
</testsuite> <!-- dropdowns.DropdownTesting1 -->
