<?xml version="1.0" encoding="UTF-8"?>
<!-- Generated by org.testng.reporters.JUnitReportReporter -->
<testsuite skipped="0" hostname="DESKTOP-FHCBB5R" name="dropdowns.DropdownTesting1" tests="2" failures="0" timestamp="04 Jul 2019 09:47:02 GMT" time="31.029" errors="0">
  <testcase name="Dropdown" time="16.374" classname="dropdowns.DropdownTesting1"/>
  <testcase name="Dropdown2" time="14.655" classname="dropdowns.DropdownTesting1"/>
</testsuite> <!-- dropdowns.DropdownTesting1 -->
