<?xml version="1.0" encoding="UTF-8"?>
<!-- Generated by org.testng.reporters.JUnitReportReporter -->
<testsuite skipped="0" hostname="DESKTOP-FHCBB5R" name="checkbox.CheckBox1" tests="1" failures="0" timestamp="04 Jul 2019 09:37:10 GMT" time="18.497" errors="0">
  <testcase name="checkboxTest" time="18.497" classname="checkbox.CheckBox1"/>
</testsuite> <!-- checkbox.CheckBox1 -->
