<?xml version="1.0" encoding="UTF-8"?>
<!-- Generated by org.testng.reporters.JUnitReportReporter -->
<testsuite skipped="0" hostname="DESKTOP-FHCBB5R" name="checkbox.CheckBox2" tests="1" failures="0" timestamp="04 Jul 2019 09:41:06 GMT" time="21.677" errors="0">
  <testcase name="checkboxTest" time="21.677" classname="checkbox.CheckBox2"/>
</testsuite> <!-- checkbox.CheckBox2 -->
