<?xml version="1.0" encoding="UTF-8"?>
<!-- Generated by org.testng.reporters.JUnitReportReporter -->
<testsuite skipped="0" hostname="DESKTOP-FHCBB5R" name="linktesting.BrokenLinksTesting" tests="1" failures="0" timestamp="04 Jul 2019 09:50:19 GMT" time="35.401" errors="0">
  <testcase name="brokenLinks" time="35.401" classname="linktesting.BrokenLinksTesting"/>
</testsuite> <!-- linktesting.BrokenLinksTesting -->
