<?xml version="1.0" encoding="UTF-8"?>
<!-- Generated by org.testng.reporters.JUnitReportReporter -->
<testsuite skipped="0" hostname="DESKTOP-FHCBB5R" name="webtableandcalender.WebTables" tests="1" failures="0" timestamp="06 Jul 2019 10:05:54 GMT" time="37.189" errors="0">
  <testcase name="dynamicTable" time="37.189" classname="webtableandcalender.WebTables"/>
</testsuite> <!-- webtableandcalender.WebTables -->
