<?xml version="1.0" encoding="UTF-8"?>
<!-- Generated by org.testng.reporters.JUnitReportReporter -->
<testsuite skipped="0" hostname="DESKTOP-FHCBB5R" name="utilities.ScreenshotDemo" tests="1" failures="0" timestamp="08 Jul 2019 08:38:25 GMT" time="7.871" errors="0">
  <testcase name="testMultiFrame" time="7.871" classname="utilities.ScreenshotDemo"/>
</testsuite> <!-- utilities.ScreenshotDemo -->
